217  [main] INFO  com.pw24.pw24.Pw24Application – Starting Pw24Application using Java 18.0.2 on MacBook-Pro-Mihail-3.local with PID 5852 (/Users/mikhail/Downloads/JavaPatterns/src/PW24/build/classes/java/main started by mikhail in /Users/mikhail/Downloads/JavaPatterns)
217  [main] INFO  com.pw24.pw24.Pw24Application – No active profile set, falling back to default profiles: default
430  [main] INFO  o.s.d.r.c.RepositoryConfigurationDelegate – Bootstrapping Spring Data JPA repositories in DEFAULT mode.
451  [main] INFO  o.s.d.r.c.RepositoryConfigurationDelegate – Finished Spring Data repository scanning in 16 ms. Found 3 JPA repository interfaces.
795  [main] INFO  o.s.b.w.e.tomcat.TomcatWebServer – Tomcat initialized with port(s): 8080 (http)
799  [main] INFO  o.a.coyote.http11.Http11NioProtocol – Initializing ProtocolHandler ["http-nio-8080"]
799  [main] INFO  o.a.catalina.core.StandardService – Starting service [Tomcat]
799  [main] INFO  o.a.catalina.core.StandardEngine – Starting Servlet engine: [Apache Tomcat/9.0.56]
833  [main] INFO  o.a.c.c.C.[Tomcat].[localhost].[/] – Initializing Spring embedded WebApplicationContext
833  [main] INFO  o.s.b.w.s.c.ServletWebServerApplicationContext – Root WebApplicationContext: initialization completed in 597 ms
923  [main] INFO  o.h.jpa.internal.util.LogHelper – HHH000204: Processing PersistenceUnitInfo [name: default]
946  [main] INFO  org.hibernate.Version – HHH000412: Hibernate ORM core version 5.6.3.Final
1009 [main] INFO  o.h.annotations.common.Version – HCANN000001: Hibernate Commons Annotations {5.1.2.Final}
1050 [main] INFO  com.zaxxer.hikari.HikariDataSource – HikariPool-1 - Starting...
1116 [main] INFO  com.zaxxer.hikari.pool.HikariPool – HikariPool-1 - Added connection org.postgresql.jdbc.PgConnection@1c68d0db
1116 [main] INFO  com.zaxxer.hikari.HikariDataSource – HikariPool-1 - Start completed.
1124 [main] INFO  org.hibernate.dialect.Dialect – HHH000400: Using dialect: org.hibernate.dialect.PostgreSQL10Dialect
1383 [main] INFO  o.h.e.t.j.p.i.JtaPlatformInitiator – HHH000490: Using JtaPlatform implementation: [org.hibernate.engine.transaction.jta.platform.internal.NoJtaPlatform]
1386 [main] INFO  o.s.o.j.LocalContainerEntityManagerFactoryBean – Initialized JPA EntityManagerFactory for persistence unit 'default'
1554 [main] WARN  o.s.b.a.o.j.JpaBaseConfiguration$JpaWebConfiguration – spring.jpa.open-in-view is enabled by default. Therefore, database queries may be performed during view rendering. Explicitly configure spring.jpa.open-in-view to disable this warning
1781 [main] INFO  o.s.s.w.DefaultSecurityFilterChain – Will secure any request with [org.springframework.security.web.context.request.async.WebAsyncManagerIntegrationFilter@23ee70a7, org.springframework.security.web.context.SecurityContextPersistenceFilter@5b29d699, org.springframework.security.web.header.HeaderWriterFilter@27107a97, org.springframework.security.web.authentication.logout.LogoutFilter@42257df7, org.springframework.security.web.authentication.UsernamePasswordAuthenticationFilter@3ffe74da, org.springframework.security.web.savedrequest.RequestCacheAwareFilter@15c96f24, org.springframework.security.web.servletapi.SecurityContextHolderAwareRequestFilter@4bc9389, org.springframework.security.web.authentication.AnonymousAuthenticationFilter@47f416d0, org.springframework.security.web.session.SessionManagementFilter@71a7cf7c, org.springframework.security.web.access.ExceptionTranslationFilter@69b80603, org.springframework.security.web.access.intercept.FilterSecurityInterceptor@43edd2ea]
1884 [main] INFO  o.a.coyote.http11.Http11NioProtocol – Starting ProtocolHandler ["http-nio-8080"]
1890 [main] INFO  o.s.b.w.e.tomcat.TomcatWebServer – Tomcat started on port(s): 8080 (http) with context path ''
1896 [main] INFO  com.pw24.pw24.Pw24Application – Started Pw24Application in 1.795 seconds (JVM running for 2.184)
7695 [SpringApplicationShutdownHook] INFO  o.s.o.j.LocalContainerEntityManagerFactoryBean – Closing JPA EntityManagerFactory for persistence unit 'default'
7697 [SpringApplicationShutdownHook] INFO  com.zaxxer.hikari.HikariDataSource – HikariPool-1 - Shutdown initiated...
7698 [SpringApplicationShutdownHook] INFO  com.zaxxer.hikari.HikariDataSource – HikariPool-1 - Shutdown completed.
